2019-10-14 22:46:04.222 [http-nio-8560-exec-8] ERROR com.lz.ht.base.exadvice.GlobalExceptionHandler - 异常开始：异常信息：
org.springframework.validation.BindException: org.springframework.validation.BeanPropertyBindingResult: 1 errors
Field error in object 'user' on field 'addTime': rejected value [1]; codes [typeMismatch.user.addTime,typeMismatch.addTime,typeMismatch.java.sql.Date,typeMismatch]; arguments [org.springframework.context.support.DefaultMessageSourceResolvable: codes [user.addTime,addTime]; arguments []; default message [addTime]]; default message [Failed to convert property value of type 'java.lang.String' to required type 'java.sql.Date' for property 'addTime'; nested exception is org.springframework.core.convert.ConversionFailedException: Failed to convert from type [java.lang.String] to type [java.sql.Date] for value '1'; nested exception is java.lang.IllegalArgumentException]
	at org.springframework.web.method.annotation.ModelAttributeMethodProcessor.resolveArgument(ModelAttributeMethodProcessor.java:164)
	at org.springframework.web.method.support.HandlerMethodArgumentResolverComposite.resolveArgument(HandlerMethodArgumentResolverComposite.java:127)
	at org.springframework.web.method.support.InvocableHandlerMethod.getMethodArgumentValues(InvocableHandlerMethod.java:167)
	at org.springframework.web.method.support.InvocableHandlerMethod.invokeForRequest(InvocableHandlerMethod.java:134)
	at org.springframework.web.servlet.mvc.method.annotation.ServletInvocableHandlerMethod.invokeAndHandle(ServletInvocableHandlerMethod.java:104)
	at org.springframework.web.servlet.mvc.method.annotation.RequestMappingHandlerAdapter.invokeHandlerMethod(RequestMappingHandlerAdapter.java:892)
	at org.springframework.web.servlet.mvc.method.annotation.RequestMappingHandlerAdapter.handleInternal(RequestMappingHandlerAdapter.java:797)
	at org.springframework.web.servlet.mvc.method.AbstractHandlerMethodAdapter.handle(AbstractHandlerMethodAdapter.java:87)
	at org.springframework.web.servlet.DispatcherServlet.doDispatch(DispatcherServlet.java:1039)
	at org.springframework.web.servlet.DispatcherServlet.doService(DispatcherServlet.java:942)
	at org.springframework.web.servlet.FrameworkServlet.processRequest(FrameworkServlet.java:1005)
	at org.springframework.web.servlet.FrameworkServlet.doGet(FrameworkServlet.java:897)
	at javax.servlet.http.HttpServlet.service(HttpServlet.java:634)
	at org.springframework.web.servlet.FrameworkServlet.service(FrameworkServlet.java:882)
	at javax.servlet.http.HttpServlet.service(HttpServlet.java:741)
	at org.apache.catalina.core.ApplicationFilterChain.internalDoFilter(ApplicationFilterChain.java:231)
	at org.apache.catalina.core.ApplicationFilterChain.doFilter(ApplicationFilterChain.java:166)
	at org.apache.tomcat.websocket.server.WsFilter.doFilter(WsFilter.java:53)
	at org.apache.catalina.core.ApplicationFilterChain.internalDoFilter(ApplicationFilterChain.java:193)
	at org.apache.catalina.core.ApplicationFilterChain.doFilter(ApplicationFilterChain.java:166)
	at org.apache.shiro.web.servlet.ProxiedFilterChain.doFilter(ProxiedFilterChain.java:61)
	at org.apache.shiro.web.servlet.AdviceFilter.executeChain(AdviceFilter.java:108)
	at org.apache.shiro.web.servlet.AdviceFilter.doFilterInternal(AdviceFilter.java:137)
	at org.apache.shiro.web.servlet.OncePerRequestFilter.doFilter(OncePerRequestFilter.java:125)
	at org.apache.shiro.web.servlet.ProxiedFilterChain.doFilter(ProxiedFilterChain.java:66)
	at org.apache.shiro.web.servlet.AbstractShiroFilter.executeChain(AbstractShiroFilter.java:449)
	at org.apache.shiro.web.servlet.AbstractShiroFilter$1.call(AbstractShiroFilter.java:365)
	at org.apache.shiro.subject.support.SubjectCallable.doCall(SubjectCallable.java:90)
	at org.apache.shiro.subject.support.SubjectCallable.call(SubjectCallable.java:83)
	at org.apache.shiro.subject.support.DelegatingSubject.execute(DelegatingSubject.java:387)
	at org.apache.shiro.web.servlet.AbstractShiroFilter.doFilterInternal(AbstractShiroFilter.java:362)
	at org.apache.shiro.web.servlet.OncePerRequestFilter.doFilter(OncePerRequestFilter.java:125)
	at org.apache.catalina.core.ApplicationFilterChain.internalDoFilter(ApplicationFilterChain.java:193)
	at org.apache.catalina.core.ApplicationFilterChain.doFilter(ApplicationFilterChain.java:166)
	at com.alibaba.druid.support.http.WebStatFilter.doFilter(WebStatFilter.java:123)
	at org.apache.catalina.core.ApplicationFilterChain.internalDoFilter(ApplicationFilterChain.java:193)
	at org.apache.catalina.core.ApplicationFilterChain.doFilter(ApplicationFilterChain.java:166)
	at org.springframework.boot.actuate.web.trace.servlet.HttpTraceFilter.doFilterInternal(HttpTraceFilter.java:88)
	at org.springframework.web.filter.OncePerRequestFilter.doFilter(OncePerRequestFilter.java:118)
	at org.apache.catalina.core.ApplicationFilterChain.internalDoFilter(ApplicationFilterChain.java:193)
	at org.apache.catalina.core.ApplicationFilterChain.doFilter(ApplicationFilterChain.java:166)
	at org.springframework.web.filter.RequestContextFilter.doFilterInternal(RequestContextFilter.java:99)
	at org.springframework.web.filter.OncePerRequestFilter.doFilter(OncePerRequestFilter.java:118)
	at org.apache.catalina.core.ApplicationFilterChain.internalDoFilter(ApplicationFilterChain.java:193)
	at org.apache.catalina.core.ApplicationFilterChain.doFilter(ApplicationFilterChain.java:166)
	at org.springframework.web.filter.FormContentFilter.doFilterInternal(FormContentFilter.java:92)
	at org.springframework.web.filter.OncePerRequestFilter.doFilter(OncePerRequestFilter.java:118)
	at org.apache.catalina.core.ApplicationFilterChain.internalDoFilter(ApplicationFilterChain.java:193)
	at org.apache.catalina.core.ApplicationFilterChain.doFilter(ApplicationFilterChain.java:166)
	at org.springframework.web.filter.HiddenHttpMethodFilter.doFilterInternal(HiddenHttpMethodFilter.java:93)
	at org.springframework.web.filter.OncePerRequestFilter.doFilter(OncePerRequestFilter.java:118)
	at org.apache.catalina.core.ApplicationFilterChain.internalDoFilter(ApplicationFilterChain.java:193)
	at org.apache.catalina.core.ApplicationFilterChain.doFilter(ApplicationFilterChain.java:166)
	at org.springframework.boot.actuate.metrics.web.servlet.WebMvcMetricsFilter.filterAndRecordMetrics(WebMvcMetricsFilter.java:114)
	at org.springframework.boot.actuate.metrics.web.servlet.WebMvcMetricsFilter.doFilterInternal(WebMvcMetricsFilter.java:104)
	at org.springframework.web.filter.OncePerRequestFilter.doFilter(OncePerRequestFilter.java:118)
	at org.apache.catalina.core.ApplicationFilterChain.internalDoFilter(ApplicationFilterChain.java:193)
	at org.apache.catalina.core.ApplicationFilterChain.doFilter(ApplicationFilterChain.java:166)
	at org.springframework.web.filter.CharacterEncodingFilter.doFilterInternal(CharacterEncodingFilter.java:200)
	at org.springframework.web.filter.OncePerRequestFilter.doFilter(OncePerRequestFilter.java:118)
	at org.apache.catalina.core.ApplicationFilterChain.internalDoFilter(ApplicationFilterChain.java:193)
	at org.apache.catalina.core.ApplicationFilterChain.doFilter(ApplicationFilterChain.java:166)
	at org.apache.catalina.core.StandardWrapperValve.invoke(StandardWrapperValve.java:202)
	at org.apache.catalina.core.StandardContextValve.invoke(StandardContextValve.java:96)
	at org.apache.catalina.authenticator.AuthenticatorBase.invoke(AuthenticatorBase.java:490)
	at org.apache.catalina.core.StandardHostValve.invoke(StandardHostValve.java:139)
	at org.apache.catalina.valves.ErrorReportValve.invoke(ErrorReportValve.java:92)
	at org.apache.catalina.core.StandardEngineValve.invoke(StandardEngineValve.java:74)
	at org.apache.catalina.connector.CoyoteAdapter.service(CoyoteAdapter.java:343)
	at org.apache.coyote.http11.Http11Processor.service(Http11Processor.java:408)
	at org.apache.coyote.AbstractProcessorLight.process(AbstractProcessorLight.java:66)
	at org.apache.coyote.AbstractProtocol$ConnectionHandler.process(AbstractProtocol.java:853)
	at org.apache.tomcat.util.net.NioEndpoint$SocketProcessor.doRun(NioEndpoint.java:1587)
	at org.apache.tomcat.util.net.SocketProcessorBase.run(SocketProcessorBase.java:49)
	at java.util.concurrent.ThreadPoolExecutor.runWorker(ThreadPoolExecutor.java:1149)
	at java.util.concurrent.ThreadPoolExecutor$Worker.run(ThreadPoolExecutor.java:624)
	at org.apache.tomcat.util.threads.TaskThread$WrappingRunnable.run(TaskThread.java:61)
	at java.lang.Thread.run(Thread.java:748)
2019-10-14 22:46:04.222 [http-nio-8560-exec-7] ERROR com.lz.ht.base.exadvice.GlobalExceptionHandler - 异常开始：异常信息：
org.springframework.validation.BindException: org.springframework.validation.BeanPropertyBindingResult: 1 errors
Field error in object 'user' on field 'addTime': rejected value [1]; codes [typeMismatch.user.addTime,typeMismatch.addTime,typeMismatch.java.sql.Date,typeMismatch]; arguments [org.springframework.context.support.DefaultMessageSourceResolvable: codes [user.addTime,addTime]; arguments []; default message [addTime]]; default message [Failed to convert property value of type 'java.lang.String' to required type 'java.sql.Date' for property 'addTime'; nested exception is org.springframework.core.convert.ConversionFailedException: Failed to convert from type [java.lang.String] to type [java.sql.Date] for value '1'; nested exception is java.lang.IllegalArgumentException]
	at org.springframework.web.method.annotation.ModelAttributeMethodProcessor.resolveArgument(ModelAttributeMethodProcessor.java:164)
	at org.springframework.web.method.support.HandlerMethodArgumentResolverComposite.resolveArgument(HandlerMethodArgumentResolverComposite.java:127)
	at org.springframework.web.method.support.InvocableHandlerMethod.getMethodArgumentValues(InvocableHandlerMethod.java:167)
	at org.springframework.web.method.support.InvocableHandlerMethod.invokeForRequest(InvocableHandlerMethod.java:134)
	at org.springframework.web.servlet.mvc.method.annotation.ServletInvocableHandlerMethod.invokeAndHandle(ServletInvocableHandlerMethod.java:104)
	at org.springframework.web.servlet.mvc.method.annotation.RequestMappingHandlerAdapter.invokeHandlerMethod(RequestMappingHandlerAdapter.java:892)
	at org.springframework.web.servlet.mvc.method.annotation.RequestMappingHandlerAdapter.handleInternal(RequestMappingHandlerAdapter.java:797)
	at org.springframework.web.servlet.mvc.method.AbstractHandlerMethodAdapter.handle(AbstractHandlerMethodAdapter.java:87)
	at org.springframework.web.servlet.DispatcherServlet.doDispatch(DispatcherServlet.java:1039)
	at org.springframework.web.servlet.DispatcherServlet.doService(DispatcherServlet.java:942)
	at org.springframework.web.servlet.FrameworkServlet.processRequest(FrameworkServlet.java:1005)
	at org.springframework.web.servlet.FrameworkServlet.doPost(FrameworkServlet.java:908)
	at javax.servlet.http.HttpServlet.service(HttpServlet.java:660)
	at org.springframework.web.servlet.FrameworkServlet.service(FrameworkServlet.java:882)
	at javax.servlet.http.HttpServlet.service(HttpServlet.java:741)
	at org.apache.catalina.core.ApplicationFilterChain.internalDoFilter(ApplicationFilterChain.java:231)
	at org.apache.catalina.core.ApplicationFilterChain.doFilter(ApplicationFilterChain.java:166)
	at org.apache.tomcat.websocket.server.WsFilter.doFilter(WsFilter.java:53)
	at org.apache.catalina.core.ApplicationFilterChain.internalDoFilter(ApplicationFilterChain.java:193)
	at org.apache.catalina.core.ApplicationFilterChain.doFilter(ApplicationFilterChain.java:166)
	at org.apache.shiro.web.servlet.ProxiedFilterChain.doFilter(ProxiedFilterChain.java:61)
	at org.apache.shiro.web.servlet.AdviceFilter.executeChain(AdviceFilter.java:108)
	at org.apache.shiro.web.servlet.AdviceFilter.doFilterInternal(AdviceFilter.java:137)
	at org.apache.shiro.web.servlet.OncePerRequestFilter.doFilter(OncePerRequestFilter.java:125)
	at org.apache.shiro.web.servlet.ProxiedFilterChain.doFilter(ProxiedFilterChain.java:66)
	at org.apache.shiro.web.servlet.AbstractShiroFilter.executeChain(AbstractShiroFilter.java:449)
	at org.apache.shiro.web.servlet.AbstractShiroFilter$1.call(AbstractShiroFilter.java:365)
	at org.apache.shiro.subject.support.SubjectCallable.doCall(SubjectCallable.java:90)
	at org.apache.shiro.subject.support.SubjectCallable.call(SubjectCallable.java:83)
	at org.apache.shiro.subject.support.DelegatingSubject.execute(DelegatingSubject.java:387)
	at org.apache.shiro.web.servlet.AbstractShiroFilter.doFilterInternal(AbstractShiroFilter.java:362)
	at org.apache.shiro.web.servlet.OncePerRequestFilter.doFilter(OncePerRequestFilter.java:125)
	at org.apache.catalina.core.ApplicationFilterChain.internalDoFilter(ApplicationFilterChain.java:193)
	at org.apache.catalina.core.ApplicationFilterChain.doFilter(ApplicationFilterChain.java:166)
	at com.alibaba.druid.support.http.WebStatFilter.doFilter(WebStatFilter.java:123)
	at org.apache.catalina.core.ApplicationFilterChain.internalDoFilter(ApplicationFilterChain.java:193)
	at org.apache.catalina.core.ApplicationFilterChain.doFilter(ApplicationFilterChain.java:166)
	at org.springframework.boot.actuate.web.trace.servlet.HttpTraceFilter.doFilterInternal(HttpTraceFilter.java:88)
	at org.springframework.web.filter.OncePerRequestFilter.doFilter(OncePerRequestFilter.java:118)
	at org.apache.catalina.core.ApplicationFilterChain.internalDoFilter(ApplicationFilterChain.java:193)
	at org.apache.catalina.core.ApplicationFilterChain.doFilter(ApplicationFilterChain.java:166)
	at org.springframework.web.filter.RequestContextFilter.doFilterInternal(RequestContextFilter.java:99)
	at org.springframework.web.filter.OncePerRequestFilter.doFilter(OncePerRequestFilter.java:118)
	at org.apache.catalina.core.ApplicationFilterChain.internalDoFilter(ApplicationFilterChain.java:193)
	at org.apache.catalina.core.ApplicationFilterChain.doFilter(ApplicationFilterChain.java:166)
	at org.springframework.web.filter.FormContentFilter.doFilterInternal(FormContentFilter.java:92)
	at org.springframework.web.filter.OncePerRequestFilter.doFilter(OncePerRequestFilter.java:118)
	at org.apache.catalina.core.ApplicationFilterChain.internalDoFilter(ApplicationFilterChain.java:193)
	at org.apache.catalina.core.ApplicationFilterChain.doFilter(ApplicationFilterChain.java:166)
	at org.springframework.web.filter.HiddenHttpMethodFilter.doFilterInternal(HiddenHttpMethodFilter.java:93)
	at org.springframework.web.filter.OncePerRequestFilter.doFilter(OncePerRequestFilter.java:118)
	at org.apache.catalina.core.ApplicationFilterChain.internalDoFilter(ApplicationFilterChain.java:193)
	at org.apache.catalina.core.ApplicationFilterChain.doFilter(ApplicationFilterChain.java:166)
	at org.springframework.boot.actuate.metrics.web.servlet.WebMvcMetricsFilter.filterAndRecordMetrics(WebMvcMetricsFilter.java:114)
	at org.springframework.boot.actuate.metrics.web.servlet.WebMvcMetricsFilter.doFilterInternal(WebMvcMetricsFilter.java:104)
	at org.springframework.web.filter.OncePerRequestFilter.doFilter(OncePerRequestFilter.java:118)
	at org.apache.catalina.core.ApplicationFilterChain.internalDoFilter(ApplicationFilterChain.java:193)
	at org.apache.catalina.core.ApplicationFilterChain.doFilter(ApplicationFilterChain.java:166)
	at org.springframework.web.filter.CharacterEncodingFilter.doFilterInternal(CharacterEncodingFilter.java:200)
	at org.springframework.web.filter.OncePerRequestFilter.doFilter(OncePerRequestFilter.java:118)
	at org.apache.catalina.core.ApplicationFilterChain.internalDoFilter(ApplicationFilterChain.java:193)
	at org.apache.catalina.core.ApplicationFilterChain.doFilter(ApplicationFilterChain.java:166)
	at org.apache.catalina.core.StandardWrapperValve.invoke(StandardWrapperValve.java:202)
	at org.apache.catalina.core.StandardContextValve.invoke(StandardContextValve.java:96)
	at org.apache.catalina.authenticator.AuthenticatorBase.invoke(AuthenticatorBase.java:490)
	at org.apache.catalina.core.StandardHostValve.invoke(StandardHostValve.java:139)
	at org.apache.catalina.valves.ErrorReportValve.invoke(ErrorReportValve.java:92)
	at org.apache.catalina.core.StandardEngineValve.invoke(StandardEngineValve.java:74)
	at org.apache.catalina.connector.CoyoteAdapter.service(CoyoteAdapter.java:343)
	at org.apache.coyote.http11.Http11Processor.service(Http11Processor.java:408)
	at org.apache.coyote.AbstractProcessorLight.process(AbstractProcessorLight.java:66)
	at org.apache.coyote.AbstractProtocol$ConnectionHandler.process(AbstractProtocol.java:853)
	at org.apache.tomcat.util.net.NioEndpoint$SocketProcessor.doRun(NioEndpoint.java:1587)
	at org.apache.tomcat.util.net.SocketProcessorBase.run(SocketProcessorBase.java:49)
	at java.util.concurrent.ThreadPoolExecutor.runWorker(ThreadPoolExecutor.java:1149)
	at java.util.concurrent.ThreadPoolExecutor$Worker.run(ThreadPoolExecutor.java:624)
	at org.apache.tomcat.util.threads.TaskThread$WrappingRunnable.run(TaskThread.java:61)
	at java.lang.Thread.run(Thread.java:748)
2019-10-14 22:46:04.225 [http-nio-8560-exec-8] ERROR com.lz.ht.base.exadvice.GlobalExceptionHandler - 请求地址：http://localhost:8560/user/add
2019-10-14 22:46:04.225 [http-nio-8560-exec-7] ERROR com.lz.ht.base.exadvice.GlobalExceptionHandler - 请求地址：http://localhost:8560/user/add
2019-10-14 22:46:04.225 [http-nio-8560-exec-7] ERROR com.lz.ht.base.exadvice.GlobalExceptionHandler - 请求参数：
2019-10-14 22:46:04.225 [http-nio-8560-exec-8] ERROR com.lz.ht.base.exadvice.GlobalExceptionHandler - 请求参数：
2019-10-14 22:46:04.225 [http-nio-8560-exec-7] ERROR com.lz.ht.base.exadvice.GlobalExceptionHandler - userName---1
2019-10-14 22:46:04.225 [http-nio-8560-exec-8] ERROR com.lz.ht.base.exadvice.GlobalExceptionHandler - userName---1
2019-10-14 22:46:04.226 [http-nio-8560-exec-7] ERROR com.lz.ht.base.exadvice.GlobalExceptionHandler - password---1
2019-10-14 22:46:04.226 [http-nio-8560-exec-8] ERROR com.lz.ht.base.exadvice.GlobalExceptionHandler - password---1
2019-10-14 22:46:04.226 [http-nio-8560-exec-7] ERROR com.lz.ht.base.exadvice.GlobalExceptionHandler - enable---0
2019-10-14 22:46:04.226 [http-nio-8560-exec-8] ERROR com.lz.ht.base.exadvice.GlobalExceptionHandler - enable---0
2019-10-14 22:46:04.226 [http-nio-8560-exec-7] ERROR com.lz.ht.base.exadvice.GlobalExceptionHandler - phoneNo---1
2019-10-14 22:46:04.226 [http-nio-8560-exec-8] ERROR com.lz.ht.base.exadvice.GlobalExceptionHandler - phoneNo---1
2019-10-14 22:46:04.226 [http-nio-8560-exec-7] ERROR com.lz.ht.base.exadvice.GlobalExceptionHandler - mail---1
2019-10-14 22:46:04.226 [http-nio-8560-exec-8] ERROR com.lz.ht.base.exadvice.GlobalExceptionHandler - mail---1
2019-10-14 22:46:04.226 [http-nio-8560-exec-7] ERROR com.lz.ht.base.exadvice.GlobalExceptionHandler - addTime---1
2019-10-14 22:46:04.226 [http-nio-8560-exec-8] ERROR com.lz.ht.base.exadvice.GlobalExceptionHandler - addTime---1
2019-10-14 22:46:04.226 [http-nio-8560-exec-7] ERROR com.lz.ht.base.exadvice.GlobalExceptionHandler - deptId---11
2019-10-14 22:46:04.226 [http-nio-8560-exec-8] ERROR com.lz.ht.base.exadvice.GlobalExceptionHandler - deptId---11
2019-10-14 22:46:04.226 [http-nio-8560-exec-7] ERROR com.lz.ht.base.exadvice.GlobalExceptionHandler - deptName---1
2019-10-14 22:46:04.226 [http-nio-8560-exec-8] ERROR com.lz.ht.base.exadvice.GlobalExceptionHandler - deptName---1
2019-10-14 22:46:04.226 [http-nio-8560-exec-7] ERROR com.lz.ht.base.exadvice.GlobalExceptionHandler - sex---1
2019-10-14 22:46:04.226 [http-nio-8560-exec-8] ERROR com.lz.ht.base.exadvice.GlobalExceptionHandler - sex---1
2019-10-14 22:46:04.226 [http-nio-8560-exec-7] ERROR com.lz.ht.base.exadvice.GlobalExceptionHandler - info---1
2019-10-14 22:46:04.226 [http-nio-8560-exec-8] ERROR com.lz.ht.base.exadvice.GlobalExceptionHandler - info---1
2019-10-14 22:46:04.226 [http-nio-8560-exec-7] ERROR com.lz.ht.base.exadvice.GlobalExceptionHandler - org.springframework.web.method.annotation.ModelAttributeMethodProcessor.resolveArgument(ModelAttributeMethodProcessor.java:164)
2019-10-14 22:46:04.226 [http-nio-8560-exec-8] ERROR com.lz.ht.base.exadvice.GlobalExceptionHandler - org.springframework.web.method.annotation.ModelAttributeMethodProcessor.resolveArgument(ModelAttributeMethodProcessor.java:164)
2019-10-14 22:46:04.226 [http-nio-8560-exec-7] ERROR com.lz.ht.base.exadvice.GlobalExceptionHandler - org.springframework.web.method.support.HandlerMethodArgumentResolverComposite.resolveArgument(HandlerMethodArgumentResolverComposite.java:127)
2019-10-14 22:46:04.226 [http-nio-8560-exec-8] ERROR com.lz.ht.base.exadvice.GlobalExceptionHandler - org.springframework.web.method.support.HandlerMethodArgumentResolverComposite.resolveArgument(HandlerMethodArgumentResolverComposite.java:127)
2019-10-14 22:46:04.226 [http-nio-8560-exec-7] ERROR com.lz.ht.base.exadvice.GlobalExceptionHandler - org.springframework.web.method.support.InvocableHandlerMethod.getMethodArgumentValues(InvocableHandlerMethod.java:167)
2019-10-14 22:46:04.226 [http-nio-8560-exec-8] ERROR com.lz.ht.base.exadvice.GlobalExceptionHandler - org.springframework.web.method.support.InvocableHandlerMethod.getMethodArgumentValues(InvocableHandlerMethod.java:167)
2019-10-14 22:46:04.226 [http-nio-8560-exec-7] ERROR com.lz.ht.base.exadvice.GlobalExceptionHandler - org.springframework.web.method.support.InvocableHandlerMethod.invokeForRequest(InvocableHandlerMethod.java:134)
2019-10-14 22:46:04.226 [http-nio-8560-exec-8] ERROR com.lz.ht.base.exadvice.GlobalExceptionHandler - org.springframework.web.method.support.InvocableHandlerMethod.invokeForRequest(InvocableHandlerMethod.java:134)
2019-10-14 22:46:04.226 [http-nio-8560-exec-7] ERROR com.lz.ht.base.exadvice.GlobalExceptionHandler - org.springframework.web.servlet.mvc.method.annotation.ServletInvocableHandlerMethod.invokeAndHandle(ServletInvocableHandlerMethod.java:104)
2019-10-14 22:46:04.226 [http-nio-8560-exec-7] ERROR com.lz.ht.base.exadvice.GlobalExceptionHandler - org.springframework.web.servlet.mvc.method.annotation.RequestMappingHandlerAdapter.invokeHandlerMethod(RequestMappingHandlerAdapter.java:892)
2019-10-14 22:46:04.226 [http-nio-8560-exec-8] ERROR com.lz.ht.base.exadvice.GlobalExceptionHandler - org.springframework.web.servlet.mvc.method.annotation.ServletInvocableHandlerMethod.invokeAndHandle(ServletInvocableHandlerMethod.java:104)
2019-10-14 22:46:04.226 [http-nio-8560-exec-7] ERROR com.lz.ht.base.exadvice.GlobalExceptionHandler - org.springframework.web.servlet.mvc.method.annotation.RequestMappingHandlerAdapter.handleInternal(RequestMappingHandlerAdapter.java:797)
2019-10-14 22:46:04.226 [http-nio-8560-exec-8] ERROR com.lz.ht.base.exadvice.GlobalExceptionHandler - org.springframework.web.servlet.mvc.method.annotation.RequestMappingHandlerAdapter.invokeHandlerMethod(RequestMappingHandlerAdapter.java:892)
2019-10-14 22:46:04.226 [http-nio-8560-exec-7] ERROR com.lz.ht.base.exadvice.GlobalExceptionHandler - org.springframework.web.servlet.mvc.method.AbstractHandlerMethodAdapter.handle(AbstractHandlerMethodAdapter.java:87)
2019-10-14 22:46:04.226 [http-nio-8560-exec-8] ERROR com.lz.ht.base.exadvice.GlobalExceptionHandler - org.springframework.web.servlet.mvc.method.annotation.RequestMappingHandlerAdapter.handleInternal(RequestMappingHandlerAdapter.java:797)
2019-10-14 22:46:04.226 [http-nio-8560-exec-7] ERROR com.lz.ht.base.exadvice.GlobalExceptionHandler - org.springframework.web.servlet.DispatcherServlet.doDispatch(DispatcherServlet.java:1039)
2019-10-14 22:46:04.226 [http-nio-8560-exec-8] ERROR com.lz.ht.base.exadvice.GlobalExceptionHandler - org.springframework.web.servlet.mvc.method.AbstractHandlerMethodAdapter.handle(AbstractHandlerMethodAdapter.java:87)
2019-10-14 22:46:04.226 [http-nio-8560-exec-7] ERROR com.lz.ht.base.exadvice.GlobalExceptionHandler - org.springframework.web.servlet.DispatcherServlet.doService(DispatcherServlet.java:942)
2019-10-14 22:46:04.226 [http-nio-8560-exec-8] ERROR com.lz.ht.base.exadvice.GlobalExceptionHandler - org.springframework.web.servlet.DispatcherServlet.doDispatch(DispatcherServlet.java:1039)
2019-10-14 22:46:04.227 [http-nio-8560-exec-7] ERROR com.lz.ht.base.exadvice.GlobalExceptionHandler - org.springframework.web.servlet.FrameworkServlet.processRequest(FrameworkServlet.java:1005)
2019-10-14 22:46:04.227 [http-nio-8560-exec-8] ERROR com.lz.ht.base.exadvice.GlobalExceptionHandler - org.springframework.web.servlet.DispatcherServlet.doService(DispatcherServlet.java:942)
2019-10-14 22:46:04.227 [http-nio-8560-exec-7] ERROR com.lz.ht.base.exadvice.GlobalExceptionHandler - org.springframework.web.servlet.FrameworkServlet.doPost(FrameworkServlet.java:908)
2019-10-14 22:46:04.227 [http-nio-8560-exec-8] ERROR com.lz.ht.base.exadvice.GlobalExceptionHandler - org.springframework.web.servlet.FrameworkServlet.processRequest(FrameworkServlet.java:1005)
2019-10-14 22:46:04.227 [http-nio-8560-exec-7] ERROR com.lz.ht.base.exadvice.GlobalExceptionHandler - javax.servlet.http.HttpServlet.service(HttpServlet.java:660)
2019-10-14 22:46:04.227 [http-nio-8560-exec-8] ERROR com.lz.ht.base.exadvice.GlobalExceptionHandler - org.springframework.web.servlet.FrameworkServlet.doGet(FrameworkServlet.java:897)
2019-10-14 22:46:04.227 [http-nio-8560-exec-7] ERROR com.lz.ht.base.exadvice.GlobalExceptionHandler - org.springframework.web.servlet.FrameworkServlet.service(FrameworkServlet.java:882)
2019-10-14 22:46:04.227 [http-nio-8560-exec-8] ERROR com.lz.ht.base.exadvice.GlobalExceptionHandler - javax.servlet.http.HttpServlet.service(HttpServlet.java:634)
2019-10-14 22:46:04.227 [http-nio-8560-exec-7] ERROR com.lz.ht.base.exadvice.GlobalExceptionHandler - javax.servlet.http.HttpServlet.service(HttpServlet.java:741)
2019-10-14 22:46:04.227 [http-nio-8560-exec-8] ERROR com.lz.ht.base.exadvice.GlobalExceptionHandler - org.springframework.web.servlet.FrameworkServlet.service(FrameworkServlet.java:882)
2019-10-14 22:46:04.227 [http-nio-8560-exec-7] ERROR com.lz.ht.base.exadvice.GlobalExceptionHandler - org.apache.catalina.core.ApplicationFilterChain.internalDoFilter(ApplicationFilterChain.java:231)
2019-10-14 22:46:04.227 [http-nio-8560-exec-8] ERROR com.lz.ht.base.exadvice.GlobalExceptionHandler - javax.servlet.http.HttpServlet.service(HttpServlet.java:741)
2019-10-14 22:46:04.227 [http-nio-8560-exec-7] ERROR com.lz.ht.base.exadvice.GlobalExceptionHandler - org.apache.catalina.core.ApplicationFilterChain.doFilter(ApplicationFilterChain.java:166)
2019-10-14 22:46:04.227 [http-nio-8560-exec-8] ERROR com.lz.ht.base.exadvice.GlobalExceptionHandler - org.apache.catalina.core.ApplicationFilterChain.internalDoFilter(ApplicationFilterChain.java:231)
2019-10-14 22:46:04.227 [http-nio-8560-exec-7] ERROR com.lz.ht.base.exadvice.GlobalExceptionHandler - org.apache.tomcat.websocket.server.WsFilter.doFilter(WsFilter.java:53)
2019-10-14 22:46:04.227 [http-nio-8560-exec-8] ERROR com.lz.ht.base.exadvice.GlobalExceptionHandler - org.apache.catalina.core.ApplicationFilterChain.doFilter(ApplicationFilterChain.java:166)
2019-10-14 22:46:04.227 [http-nio-8560-exec-7] ERROR com.lz.ht.base.exadvice.GlobalExceptionHandler - org.apache.catalina.core.ApplicationFilterChain.internalDoFilter(ApplicationFilterChain.java:193)
2019-10-14 22:46:04.227 [http-nio-8560-exec-8] ERROR com.lz.ht.base.exadvice.GlobalExceptionHandler - org.apache.tomcat.websocket.server.WsFilter.doFilter(WsFilter.java:53)
2019-10-14 22:46:04.227 [http-nio-8560-exec-7] ERROR com.lz.ht.base.exadvice.GlobalExceptionHandler - org.apache.catalina.core.ApplicationFilterChain.doFilter(ApplicationFilterChain.java:166)
2019-10-14 22:46:04.227 [http-nio-8560-exec-8] ERROR com.lz.ht.base.exadvice.GlobalExceptionHandler - org.apache.catalina.core.ApplicationFilterChain.internalDoFilter(ApplicationFilterChain.java:193)
2019-10-14 22:46:04.227 [http-nio-8560-exec-7] ERROR com.lz.ht.base.exadvice.GlobalExceptionHandler - org.apache.shiro.web.servlet.ProxiedFilterChain.doFilter(ProxiedFilterChain.java:61)
2019-10-14 22:46:04.227 [http-nio-8560-exec-8] ERROR com.lz.ht.base.exadvice.GlobalExceptionHandler - org.apache.catalina.core.ApplicationFilterChain.doFilter(ApplicationFilterChain.java:166)
2019-10-14 22:46:04.227 [http-nio-8560-exec-7] ERROR com.lz.ht.base.exadvice.GlobalExceptionHandler - org.apache.shiro.web.servlet.AdviceFilter.executeChain(AdviceFilter.java:108)
2019-10-14 22:46:04.227 [http-nio-8560-exec-8] ERROR com.lz.ht.base.exadvice.GlobalExceptionHandler - org.apache.shiro.web.servlet.ProxiedFilterChain.doFilter(ProxiedFilterChain.java:61)
2019-10-14 22:46:04.227 [http-nio-8560-exec-7] ERROR com.lz.ht.base.exadvice.GlobalExceptionHandler - org.apache.shiro.web.servlet.AdviceFilter.doFilterInternal(AdviceFilter.java:137)
2019-10-14 22:46:04.227 [http-nio-8560-exec-8] ERROR com.lz.ht.base.exadvice.GlobalExceptionHandler - org.apache.shiro.web.servlet.AdviceFilter.executeChain(AdviceFilter.java:108)
2019-10-14 22:46:04.227 [http-nio-8560-exec-7] ERROR com.lz.ht.base.exadvice.GlobalExceptionHandler - org.apache.shiro.web.servlet.OncePerRequestFilter.doFilter(OncePerRequestFilter.java:125)
2019-10-14 22:46:04.227 [http-nio-8560-exec-8] ERROR com.lz.ht.base.exadvice.GlobalExceptionHandler - org.apache.shiro.web.servlet.AdviceFilter.doFilterInternal(AdviceFilter.java:137)
2019-10-14 22:46:04.227 [http-nio-8560-exec-7] ERROR com.lz.ht.base.exadvice.GlobalExceptionHandler - org.apache.shiro.web.servlet.ProxiedFilterChain.doFilter(ProxiedFilterChain.java:66)
2019-10-14 22:46:04.227 [http-nio-8560-exec-8] ERROR com.lz.ht.base.exadvice.GlobalExceptionHandler - org.apache.shiro.web.servlet.OncePerRequestFilter.doFilter(OncePerRequestFilter.java:125)
2019-10-14 22:46:04.227 [http-nio-8560-exec-7] ERROR com.lz.ht.base.exadvice.GlobalExceptionHandler - org.apache.shiro.web.servlet.AbstractShiroFilter.executeChain(AbstractShiroFilter.java:449)
2019-10-14 22:46:04.227 [http-nio-8560-exec-8] ERROR com.lz.ht.base.exadvice.GlobalExceptionHandler - org.apache.shiro.web.servlet.ProxiedFilterChain.doFilter(ProxiedFilterChain.java:66)
2019-10-14 22:46:04.227 [http-nio-8560-exec-7] ERROR com.lz.ht.base.exadvice.GlobalExceptionHandler - org.apache.shiro.web.servlet.AbstractShiroFilter$1.call(AbstractShiroFilter.java:365)
2019-10-14 22:46:04.227 [http-nio-8560-exec-8] ERROR com.lz.ht.base.exadvice.GlobalExceptionHandler - org.apache.shiro.web.servlet.AbstractShiroFilter.executeChain(AbstractShiroFilter.java:449)
2019-10-14 22:46:04.227 [http-nio-8560-exec-7] ERROR com.lz.ht.base.exadvice.GlobalExceptionHandler - org.apache.shiro.subject.support.SubjectCallable.doCall(SubjectCallable.java:90)
2019-10-14 22:46:04.227 [http-nio-8560-exec-8] ERROR com.lz.ht.base.exadvice.GlobalExceptionHandler - org.apache.shiro.web.servlet.AbstractShiroFilter$1.call(AbstractShiroFilter.java:365)
2019-10-14 22:46:04.227 [http-nio-8560-exec-7] ERROR com.lz.ht.base.exadvice.GlobalExceptionHandler - org.apache.shiro.subject.support.SubjectCallable.call(SubjectCallable.java:83)
2019-10-14 22:46:04.228 [http-nio-8560-exec-7] ERROR com.lz.ht.base.exadvice.GlobalExceptionHandler - org.apache.shiro.subject.support.DelegatingSubject.execute(DelegatingSubject.java:387)
2019-10-14 22:46:04.228 [http-nio-8560-exec-8] ERROR com.lz.ht.base.exadvice.GlobalExceptionHandler - org.apache.shiro.subject.support.SubjectCallable.doCall(SubjectCallable.java:90)
2019-10-14 22:46:04.228 [http-nio-8560-exec-7] ERROR com.lz.ht.base.exadvice.GlobalExceptionHandler - org.apache.shiro.web.servlet.AbstractShiroFilter.doFilterInternal(AbstractShiroFilter.java:362)
2019-10-14 22:46:04.228 [http-nio-8560-exec-8] ERROR com.lz.ht.base.exadvice.GlobalExceptionHandler - org.apache.shiro.subject.support.SubjectCallable.call(SubjectCallable.java:83)
2019-10-14 22:46:04.228 [http-nio-8560-exec-7] ERROR com.lz.ht.base.exadvice.GlobalExceptionHandler - org.apache.shiro.web.servlet.OncePerRequestFilter.doFilter(OncePerRequestFilter.java:125)
2019-10-14 22:46:04.228 [http-nio-8560-exec-8] ERROR com.lz.ht.base.exadvice.GlobalExceptionHandler - org.apache.shiro.subject.support.DelegatingSubject.execute(DelegatingSubject.java:387)
2019-10-14 22:46:04.228 [http-nio-8560-exec-7] ERROR com.lz.ht.base.exadvice.GlobalExceptionHandler - org.apache.catalina.core.ApplicationFilterChain.internalDoFilter(ApplicationFilterChain.java:193)
2019-10-14 22:46:04.228 [http-nio-8560-exec-7] ERROR com.lz.ht.base.exadvice.GlobalExceptionHandler - org.apache.catalina.core.ApplicationFilterChain.doFilter(ApplicationFilterChain.java:166)
2019-10-14 22:46:04.228 [http-nio-8560-exec-8] ERROR com.lz.ht.base.exadvice.GlobalExceptionHandler - org.apache.shiro.web.servlet.AbstractShiroFilter.doFilterInternal(AbstractShiroFilter.java:362)
2019-10-14 22:46:04.228 [http-nio-8560-exec-7] ERROR com.lz.ht.base.exadvice.GlobalExceptionHandler - com.alibaba.druid.support.http.WebStatFilter.doFilter(WebStatFilter.java:123)
2019-10-14 22:46:04.228 [http-nio-8560-exec-8] ERROR com.lz.ht.base.exadvice.GlobalExceptionHandler - org.apache.shiro.web.servlet.OncePerRequestFilter.doFilter(OncePerRequestFilter.java:125)
2019-10-14 22:46:04.228 [http-nio-8560-exec-7] ERROR com.lz.ht.base.exadvice.GlobalExceptionHandler - org.apache.catalina.core.ApplicationFilterChain.internalDoFilter(ApplicationFilterChain.java:193)
2019-10-14 22:46:04.228 [http-nio-8560-exec-8] ERROR com.lz.ht.base.exadvice.GlobalExceptionHandler - org.apache.catalina.core.ApplicationFilterChain.internalDoFilter(ApplicationFilterChain.java:193)
2019-10-14 22:46:04.228 [http-nio-8560-exec-7] ERROR com.lz.ht.base.exadvice.GlobalExceptionHandler - org.apache.catalina.core.ApplicationFilterChain.doFilter(ApplicationFilterChain.java:166)
2019-10-14 22:46:04.228 [http-nio-8560-exec-8] ERROR com.lz.ht.base.exadvice.GlobalExceptionHandler - org.apache.catalina.core.ApplicationFilterChain.doFilter(ApplicationFilterChain.java:166)
2019-10-14 22:46:04.228 [http-nio-8560-exec-7] ERROR com.lz.ht.base.exadvice.GlobalExceptionHandler - org.springframework.boot.actuate.web.trace.servlet.HttpTraceFilter.doFilterInternal(HttpTraceFilter.java:88)
2019-10-14 22:46:04.228 [http-nio-8560-exec-8] ERROR com.lz.ht.base.exadvice.GlobalExceptionHandler - com.alibaba.druid.support.http.WebStatFilter.doFilter(WebStatFilter.java:123)
2019-10-14 22:46:04.228 [http-nio-8560-exec-7] ERROR com.lz.ht.base.exadvice.GlobalExceptionHandler - org.springframework.web.filter.OncePerRequestFilter.doFilter(OncePerRequestFilter.java:118)
2019-10-14 22:46:04.228 [http-nio-8560-exec-8] ERROR com.lz.ht.base.exadvice.GlobalExceptionHandler - org.apache.catalina.core.ApplicationFilterChain.internalDoFilter(ApplicationFilterChain.java:193)
2019-10-14 22:46:04.228 [http-nio-8560-exec-7] ERROR com.lz.ht.base.exadvice.GlobalExceptionHandler - org.apache.catalina.core.ApplicationFilterChain.internalDoFilter(ApplicationFilterChain.java:193)
2019-10-14 22:46:04.228 [http-nio-8560-exec-8] ERROR com.lz.ht.base.exadvice.GlobalExceptionHandler - org.apache.catalina.core.ApplicationFilterChain.doFilter(ApplicationFilterChain.java:166)
2019-10-14 22:46:04.228 [http-nio-8560-exec-7] ERROR com.lz.ht.base.exadvice.GlobalExceptionHandler - org.apache.catalina.core.ApplicationFilterChain.doFilter(ApplicationFilterChain.java:166)
2019-10-14 22:46:04.228 [http-nio-8560-exec-8] ERROR com.lz.ht.base.exadvice.GlobalExceptionHandler - org.springframework.boot.actuate.web.trace.servlet.HttpTraceFilter.doFilterInternal(HttpTraceFilter.java:88)
2019-10-14 22:46:04.228 [http-nio-8560-exec-7] ERROR com.lz.ht.base.exadvice.GlobalExceptionHandler - org.springframework.web.filter.RequestContextFilter.doFilterInternal(RequestContextFilter.java:99)
2019-10-14 22:46:04.228 [http-nio-8560-exec-7] ERROR com.lz.ht.base.exadvice.GlobalExceptionHandler - org.springframework.web.filter.OncePerRequestFilter.doFilter(OncePerRequestFilter.java:118)
2019-10-14 22:46:04.228 [http-nio-8560-exec-8] ERROR com.lz.ht.base.exadvice.GlobalExceptionHandler - org.springframework.web.filter.OncePerRequestFilter.doFilter(OncePerRequestFilter.java:118)
2019-10-14 22:46:04.228 [http-nio-8560-exec-7] ERROR com.lz.ht.base.exadvice.GlobalExceptionHandler - org.apache.catalina.core.ApplicationFilterChain.internalDoFilter(ApplicationFilterChain.java:193)
2019-10-14 22:46:04.228 [http-nio-8560-exec-8] ERROR com.lz.ht.base.exadvice.GlobalExceptionHandler - org.apache.catalina.core.ApplicationFilterChain.internalDoFilter(ApplicationFilterChain.java:193)
2019-10-14 22:46:04.228 [http-nio-8560-exec-7] ERROR com.lz.ht.base.exadvice.GlobalExceptionHandler - org.apache.catalina.core.ApplicationFilterChain.doFilter(ApplicationFilterChain.java:166)
2019-10-14 22:46:04.228 [http-nio-8560-exec-8] ERROR com.lz.ht.base.exadvice.GlobalExceptionHandler - org.apache.catalina.core.ApplicationFilterChain.doFilter(ApplicationFilterChain.java:166)
2019-10-14 22:46:04.228 [http-nio-8560-exec-7] ERROR com.lz.ht.base.exadvice.GlobalExceptionHandler - org.springframework.web.filter.FormContentFilter.doFilterInternal(FormContentFilter.java:92)
2019-10-14 22:46:04.228 [http-nio-8560-exec-8] ERROR com.lz.ht.base.exadvice.GlobalExceptionHandler - org.springframework.web.filter.RequestContextFilter.doFilterInternal(RequestContextFilter.java:99)
2019-10-14 22:46:04.228 [http-nio-8560-exec-7] ERROR com.lz.ht.base.exadvice.GlobalExceptionHandler - org.springframework.web.filter.OncePerRequestFilter.doFilter(OncePerRequestFilter.java:118)
2019-10-14 22:46:04.228 [http-nio-8560-exec-8] ERROR com.lz.ht.base.exadvice.GlobalExceptionHandler - org.springframework.web.filter.OncePerRequestFilter.doFilter(OncePerRequestFilter.java:118)
2019-10-14 22:46:04.228 [http-nio-8560-exec-7] ERROR com.lz.ht.base.exadvice.GlobalExceptionHandler - org.apache.catalina.core.ApplicationFilterChain.internalDoFilter(ApplicationFilterChain.java:193)
2019-10-14 22:46:04.228 [http-nio-8560-exec-8] ERROR com.lz.ht.base.exadvice.GlobalExceptionHandler - org.apache.catalina.core.ApplicationFilterChain.internalDoFilter(ApplicationFilterChain.java:193)
2019-10-14 22:46:04.228 [http-nio-8560-exec-7] ERROR com.lz.ht.base.exadvice.GlobalExceptionHandler - org.apache.catalina.core.ApplicationFilterChain.doFilter(ApplicationFilterChain.java:166)
2019-10-14 22:46:04.228 [http-nio-8560-exec-8] ERROR com.lz.ht.base.exadvice.GlobalExceptionHandler - org.apache.catalina.core.ApplicationFilterChain.doFilter(ApplicationFilterChain.java:166)
2019-10-14 22:46:04.228 [http-nio-8560-exec-7] ERROR com.lz.ht.base.exadvice.GlobalExceptionHandler - org.springframework.web.filter.HiddenHttpMethodFilter.doFilterInternal(HiddenHttpMethodFilter.java:93)
2019-10-14 22:46:04.228 [http-nio-8560-exec-8] ERROR com.lz.ht.base.exadvice.GlobalExceptionHandler - org.springframework.web.filter.FormContentFilter.doFilterInternal(FormContentFilter.java:92)
2019-10-14 22:46:04.228 [http-nio-8560-exec-7] ERROR com.lz.ht.base.exadvice.GlobalExceptionHandler - org.springframework.web.filter.OncePerRequestFilter.doFilter(OncePerRequestFilter.java:118)
2019-10-14 22:46:04.228 [http-nio-8560-exec-8] ERROR com.lz.ht.base.exadvice.GlobalExceptionHandler - org.springframework.web.filter.OncePerRequestFilter.doFilter(OncePerRequestFilter.java:118)
2019-10-14 22:46:04.228 [http-nio-8560-exec-7] ERROR com.lz.ht.base.exadvice.GlobalExceptionHandler - org.apache.catalina.core.ApplicationFilterChain.internalDoFilter(ApplicationFilterChain.java:193)
2019-10-14 22:46:04.228 [http-nio-8560-exec-8] ERROR com.lz.ht.base.exadvice.GlobalExceptionHandler - org.apache.catalina.core.ApplicationFilterChain.internalDoFilter(ApplicationFilterChain.java:193)
2019-10-14 22:46:04.228 [http-nio-8560-exec-7] ERROR com.lz.ht.base.exadvice.GlobalExceptionHandler - org.apache.catalina.core.ApplicationFilterChain.doFilter(ApplicationFilterChain.java:166)
2019-10-14 22:46:04.228 [http-nio-8560-exec-8] ERROR com.lz.ht.base.exadvice.GlobalExceptionHandler - org.apache.catalina.core.ApplicationFilterChain.doFilter(ApplicationFilterChain.java:166)
2019-10-14 22:46:04.228 [http-nio-8560-exec-7] ERROR com.lz.ht.base.exadvice.GlobalExceptionHandler - org.springframework.boot.actuate.metrics.web.servlet.WebMvcMetricsFilter.filterAndRecordMetrics(WebMvcMetricsFilter.java:114)
2019-10-14 22:46:04.228 [http-nio-8560-exec-8] ERROR com.lz.ht.base.exadvice.GlobalExceptionHandler - org.springframework.web.filter.HiddenHttpMethodFilter.doFilterInternal(HiddenHttpMethodFilter.java:93)
2019-10-14 22:46:04.229 [http-nio-8560-exec-7] ERROR com.lz.ht.base.exadvice.GlobalExceptionHandler - org.springframework.boot.actuate.metrics.web.servlet.WebMvcMetricsFilter.doFilterInternal(WebMvcMetricsFilter.java:104)
2019-10-14 22:46:04.229 [http-nio-8560-exec-8] ERROR com.lz.ht.base.exadvice.GlobalExceptionHandler - org.springframework.web.filter.OncePerRequestFilter.doFilter(OncePerRequestFilter.java:118)
2019-10-14 22:46:04.229 [http-nio-8560-exec-7] ERROR com.lz.ht.base.exadvice.GlobalExceptionHandler - org.springframework.web.filter.OncePerRequestFilter.doFilter(OncePerRequestFilter.java:118)
2019-10-14 22:46:04.229 [http-nio-8560-exec-8] ERROR com.lz.ht.base.exadvice.GlobalExceptionHandler - org.apache.catalina.core.ApplicationFilterChain.internalDoFilter(ApplicationFilterChain.java:193)
2019-10-14 22:46:04.229 [http-nio-8560-exec-7] ERROR com.lz.ht.base.exadvice.GlobalExceptionHandler - org.apache.catalina.core.ApplicationFilterChain.internalDoFilter(ApplicationFilterChain.java:193)
2019-10-14 22:46:04.229 [http-nio-8560-exec-7] ERROR com.lz.ht.base.exadvice.GlobalExceptionHandler - org.apache.catalina.core.ApplicationFilterChain.doFilter(ApplicationFilterChain.java:166)
2019-10-14 22:46:04.229 [http-nio-8560-exec-8] ERROR com.lz.ht.base.exadvice.GlobalExceptionHandler - org.apache.catalina.core.ApplicationFilterChain.doFilter(ApplicationFilterChain.java:166)
2019-10-14 22:46:04.229 [http-nio-8560-exec-7] ERROR com.lz.ht.base.exadvice.GlobalExceptionHandler - org.springframework.web.filter.CharacterEncodingFilter.doFilterInternal(CharacterEncodingFilter.java:200)
2019-10-14 22:46:04.229 [http-nio-8560-exec-8] ERROR com.lz.ht.base.exadvice.GlobalExceptionHandler - org.springframework.boot.actuate.metrics.web.servlet.WebMvcMetricsFilter.filterAndRecordMetrics(WebMvcMetricsFilter.java:114)
2019-10-14 22:46:04.229 [http-nio-8560-exec-7] ERROR com.lz.ht.base.exadvice.GlobalExceptionHandler - org.springframework.web.filter.OncePerRequestFilter.doFilter(OncePerRequestFilter.java:118)
2019-10-14 22:46:04.229 [http-nio-8560-exec-8] ERROR com.lz.ht.base.exadvice.GlobalExceptionHandler - org.springframework.boot.actuate.metrics.web.servlet.WebMvcMetricsFilter.doFilterInternal(WebMvcMetricsFilter.java:104)
2019-10-14 22:46:04.229 [http-nio-8560-exec-7] ERROR com.lz.ht.base.exadvice.GlobalExceptionHandler - org.apache.catalina.core.ApplicationFilterChain.internalDoFilter(ApplicationFilterChain.java:193)
2019-10-14 22:46:04.229 [http-nio-8560-exec-8] ERROR com.lz.ht.base.exadvice.GlobalExceptionHandler - org.springframework.web.filter.OncePerRequestFilter.doFilter(OncePerRequestFilter.java:118)
2019-10-14 22:46:04.229 [http-nio-8560-exec-7] ERROR com.lz.ht.base.exadvice.GlobalExceptionHandler - org.apache.catalina.core.ApplicationFilterChain.doFilter(ApplicationFilterChain.java:166)
2019-10-14 22:46:04.229 [http-nio-8560-exec-7] ERROR com.lz.ht.base.exadvice.GlobalExceptionHandler - org.apache.catalina.core.StandardWrapperValve.invoke(StandardWrapperValve.java:202)
2019-10-14 22:46:04.229 [http-nio-8560-exec-8] ERROR com.lz.ht.base.exadvice.GlobalExceptionHandler - org.apache.catalina.core.ApplicationFilterChain.internalDoFilter(ApplicationFilterChain.java:193)
2019-10-14 22:46:04.229 [http-nio-8560-exec-7] ERROR com.lz.ht.base.exadvice.GlobalExceptionHandler - org.apache.catalina.core.StandardContextValve.invoke(StandardContextValve.java:96)
2019-10-14 22:46:04.229 [http-nio-8560-exec-8] ERROR com.lz.ht.base.exadvice.GlobalExceptionHandler - org.apache.catalina.core.ApplicationFilterChain.doFilter(ApplicationFilterChain.java:166)
2019-10-14 22:46:04.229 [http-nio-8560-exec-7] ERROR com.lz.ht.base.exadvice.GlobalExceptionHandler - org.apache.catalina.authenticator.AuthenticatorBase.invoke(AuthenticatorBase.java:490)
2019-10-14 22:46:04.229 [http-nio-8560-exec-8] ERROR com.lz.ht.base.exadvice.GlobalExceptionHandler - org.springframework.web.filter.CharacterEncodingFilter.doFilterInternal(CharacterEncodingFilter.java:200)
2019-10-14 22:46:04.229 [http-nio-8560-exec-7] ERROR com.lz.ht.base.exadvice.GlobalExceptionHandler - org.apache.catalina.core.StandardHostValve.invoke(StandardHostValve.java:139)
2019-10-14 22:46:04.229 [http-nio-8560-exec-8] ERROR com.lz.ht.base.exadvice.GlobalExceptionHandler - org.springframework.web.filter.OncePerRequestFilter.doFilter(OncePerRequestFilter.java:118)
2019-10-14 22:46:04.229 [http-nio-8560-exec-7] ERROR com.lz.ht.base.exadvice.GlobalExceptionHandler - org.apache.catalina.valves.ErrorReportValve.invoke(ErrorReportValve.java:92)
2019-10-14 22:46:04.229 [http-nio-8560-exec-8] ERROR com.lz.ht.base.exadvice.GlobalExceptionHandler - org.apache.catalina.core.ApplicationFilterChain.internalDoFilter(ApplicationFilterChain.java:193)
2019-10-14 22:46:04.229 [http-nio-8560-exec-7] ERROR com.lz.ht.base.exadvice.GlobalExceptionHandler - org.apache.catalina.core.StandardEngineValve.invoke(StandardEngineValve.java:74)
2019-10-14 22:46:04.229 [http-nio-8560-exec-8] ERROR com.lz.ht.base.exadvice.GlobalExceptionHandler - org.apache.catalina.core.ApplicationFilterChain.doFilter(ApplicationFilterChain.java:166)
2019-10-14 22:46:04.229 [http-nio-8560-exec-7] ERROR com.lz.ht.base.exadvice.GlobalExceptionHandler - org.apache.catalina.connector.CoyoteAdapter.service(CoyoteAdapter.java:343)
2019-10-14 22:46:04.229 [http-nio-8560-exec-8] ERROR com.lz.ht.base.exadvice.GlobalExceptionHandler - org.apache.catalina.core.StandardWrapperValve.invoke(StandardWrapperValve.java:202)
2019-10-14 22:46:04.229 [http-nio-8560-exec-7] ERROR com.lz.ht.base.exadvice.GlobalExceptionHandler - org.apache.coyote.http11.Http11Processor.service(Http11Processor.java:408)
2019-10-14 22:46:04.229 [http-nio-8560-exec-8] ERROR com.lz.ht.base.exadvice.GlobalExceptionHandler - org.apache.catalina.core.StandardContextValve.invoke(StandardContextValve.java:96)
2019-10-14 22:46:04.229 [http-nio-8560-exec-7] ERROR com.lz.ht.base.exadvice.GlobalExceptionHandler - org.apache.coyote.AbstractProcessorLight.process(AbstractProcessorLight.java:66)
2019-10-14 22:46:04.229 [http-nio-8560-exec-8] ERROR com.lz.ht.base.exadvice.GlobalExceptionHandler - org.apache.catalina.authenticator.AuthenticatorBase.invoke(AuthenticatorBase.java:490)
2019-10-14 22:46:04.229 [http-nio-8560-exec-7] ERROR com.lz.ht.base.exadvice.GlobalExceptionHandler - org.apache.coyote.AbstractProtocol$ConnectionHandler.process(AbstractProtocol.java:853)
2019-10-14 22:46:04.229 [http-nio-8560-exec-8] ERROR com.lz.ht.base.exadvice.GlobalExceptionHandler - org.apache.catalina.core.StandardHostValve.invoke(StandardHostValve.java:139)
2019-10-14 22:46:04.229 [http-nio-8560-exec-7] ERROR com.lz.ht.base.exadvice.GlobalExceptionHandler - org.apache.tomcat.util.net.NioEndpoint$SocketProcessor.doRun(NioEndpoint.java:1587)
2019-10-14 22:46:04.229 [http-nio-8560-exec-8] ERROR com.lz.ht.base.exadvice.GlobalExceptionHandler - org.apache.catalina.valves.ErrorReportValve.invoke(ErrorReportValve.java:92)
2019-10-14 22:46:04.229 [http-nio-8560-exec-7] ERROR com.lz.ht.base.exadvice.GlobalExceptionHandler - org.apache.tomcat.util.net.SocketProcessorBase.run(SocketProcessorBase.java:49)
2019-10-14 22:46:04.229 [http-nio-8560-exec-8] ERROR com.lz.ht.base.exadvice.GlobalExceptionHandler - org.apache.catalina.core.StandardEngineValve.invoke(StandardEngineValve.java:74)
2019-10-14 22:46:04.229 [http-nio-8560-exec-7] ERROR com.lz.ht.base.exadvice.GlobalExceptionHandler - java.util.concurrent.ThreadPoolExecutor.runWorker(ThreadPoolExecutor.java:1149)
2019-10-14 22:46:04.229 [http-nio-8560-exec-8] ERROR com.lz.ht.base.exadvice.GlobalExceptionHandler - org.apache.catalina.connector.CoyoteAdapter.service(CoyoteAdapter.java:343)
2019-10-14 22:46:04.229 [http-nio-8560-exec-7] ERROR com.lz.ht.base.exadvice.GlobalExceptionHandler - java.util.concurrent.ThreadPoolExecutor$Worker.run(ThreadPoolExecutor.java:624)
2019-10-14 22:46:04.229 [http-nio-8560-exec-8] ERROR com.lz.ht.base.exadvice.GlobalExceptionHandler - org.apache.coyote.http11.Http11Processor.service(Http11Processor.java:408)
2019-10-14 22:46:04.229 [http-nio-8560-exec-7] ERROR com.lz.ht.base.exadvice.GlobalExceptionHandler - org.apache.tomcat.util.threads.TaskThread$WrappingRunnable.run(TaskThread.java:61)
2019-10-14 22:46:04.229 [http-nio-8560-exec-8] ERROR com.lz.ht.base.exadvice.GlobalExceptionHandler - org.apache.coyote.AbstractProcessorLight.process(AbstractProcessorLight.java:66)
2019-10-14 22:46:04.229 [http-nio-8560-exec-7] ERROR com.lz.ht.base.exadvice.GlobalExceptionHandler - java.lang.Thread.run(Thread.java:748)
2019-10-14 22:46:04.229 [http-nio-8560-exec-8] ERROR com.lz.ht.base.exadvice.GlobalExceptionHandler - org.apache.coyote.AbstractProtocol$ConnectionHandler.process(AbstractProtocol.java:853)
2019-10-14 22:46:04.229 [http-nio-8560-exec-7] ERROR com.lz.ht.base.exadvice.GlobalExceptionHandler - 异常结束
2019-10-14 22:46:04.230 [http-nio-8560-exec-8] ERROR com.lz.ht.base.exadvice.GlobalExceptionHandler - org.apache.tomcat.util.net.NioEndpoint$SocketProcessor.doRun(NioEndpoint.java:1587)
2019-10-14 22:46:04.230 [http-nio-8560-exec-8] ERROR com.lz.ht.base.exadvice.GlobalExceptionHandler - org.apache.tomcat.util.net.SocketProcessorBase.run(SocketProcessorBase.java:49)
2019-10-14 22:46:04.230 [http-nio-8560-exec-8] ERROR com.lz.ht.base.exadvice.GlobalExceptionHandler - java.util.concurrent.ThreadPoolExecutor.runWorker(ThreadPoolExecutor.java:1149)
2019-10-14 22:46:04.230 [http-nio-8560-exec-8] ERROR com.lz.ht.base.exadvice.GlobalExceptionHandler - java.util.concurrent.ThreadPoolExecutor$Worker.run(ThreadPoolExecutor.java:624)
2019-10-14 22:46:04.230 [http-nio-8560-exec-8] ERROR com.lz.ht.base.exadvice.GlobalExceptionHandler - org.apache.tomcat.util.threads.TaskThread$WrappingRunnable.run(TaskThread.java:61)
2019-10-14 22:46:04.230 [http-nio-8560-exec-8] ERROR com.lz.ht.base.exadvice.GlobalExceptionHandler - java.lang.Thread.run(Thread.java:748)
2019-10-14 22:46:04.230 [http-nio-8560-exec-8] ERROR com.lz.ht.base.exadvice.GlobalExceptionHandler - 异常结束
2019-10-14 22:55:13.664 [http-nio-8560-exec-9] ERROR org.thymeleaf.TemplateEngine - [THYMELEAF][http-nio-8560-exec-9] Exception processing template "user/user_update": An error happened during template parsing (template: "class path resource [templates/user/user_update.html]" - line 37, col 285)
org.thymeleaf.exceptions.TemplateInputException: An error happened during template parsing (template: "class path resource [templates/user/user_update.html]" - line 37, col 285)
	at org.thymeleaf.templateparser.markup.AbstractMarkupTemplateParser.parse(AbstractMarkupTemplateParser.java:239)
	at org.thymeleaf.templateparser.markup.AbstractMarkupTemplateParser.parseStandalone(AbstractMarkupTemplateParser.java:100)
	at org.thymeleaf.engine.TemplateManager.parseAndProcess(TemplateManager.java:666)
	at org.thymeleaf.TemplateEngine.process(TemplateEngine.java:1098)
	at org.thymeleaf.TemplateEngine.process(TemplateEngine.java:1072)
	at org.thymeleaf.spring5.view.ThymeleafView.renderFragment(ThymeleafView.java:362)
	at org.thymeleaf.spring5.view.ThymeleafView.render(ThymeleafView.java:189)
	at org.springframework.web.servlet.DispatcherServlet.render(DispatcherServlet.java:1371)
	at org.springframework.web.servlet.DispatcherServlet.processDispatchResult(DispatcherServlet.java:1117)
	at org.springframework.web.servlet.DispatcherServlet.doDispatch(DispatcherServlet.java:1056)
	at org.springframework.web.servlet.DispatcherServlet.doService(DispatcherServlet.java:942)
	at org.springframework.web.servlet.FrameworkServlet.processRequest(FrameworkServlet.java:1005)
	at org.springframework.web.servlet.FrameworkServlet.doGet(FrameworkServlet.java:897)
	at javax.servlet.http.HttpServlet.service(HttpServlet.java:634)
	at org.springframework.web.servlet.FrameworkServlet.service(FrameworkServlet.java:882)
	at javax.servlet.http.HttpServlet.service(HttpServlet.java:741)
	at org.apache.catalina.core.ApplicationFilterChain.internalDoFilter(ApplicationFilterChain.java:231)
	at org.apache.catalina.core.ApplicationFilterChain.doFilter(ApplicationFilterChain.java:166)
	at org.apache.tomcat.websocket.server.WsFilter.doFilter(WsFilter.java:53)
	at org.apache.catalina.core.ApplicationFilterChain.internalDoFilter(ApplicationFilterChain.java:193)
	at org.apache.catalina.core.ApplicationFilterChain.doFilter(ApplicationFilterChain.java:166)
	at org.apache.shiro.web.servlet.ProxiedFilterChain.doFilter(ProxiedFilterChain.java:61)
	at org.apache.shiro.web.servlet.AdviceFilter.executeChain(AdviceFilter.java:108)
	at org.apache.shiro.web.servlet.AdviceFilter.doFilterInternal(AdviceFilter.java:137)
	at org.apache.shiro.web.servlet.OncePerRequestFilter.doFilter(OncePerRequestFilter.java:125)
	at org.apache.shiro.web.servlet.ProxiedFilterChain.doFilter(ProxiedFilterChain.java:66)
	at org.apache.shiro.web.servlet.AbstractShiroFilter.executeChain(AbstractShiroFilter.java:449)
	at org.apache.shiro.web.servlet.AbstractShiroFilter$1.call(AbstractShiroFilter.java:365)
	at org.apache.shiro.subject.support.SubjectCallable.doCall(SubjectCallable.java:90)
	at org.apache.shiro.subject.support.SubjectCallable.call(SubjectCallable.java:83)
	at org.apache.shiro.subject.support.DelegatingSubject.execute(DelegatingSubject.java:387)
	at org.apache.shiro.web.servlet.AbstractShiroFilter.doFilterInternal(AbstractShiroFilter.java:362)
	at org.apache.shiro.web.servlet.OncePerRequestFilter.doFilter(OncePerRequestFilter.java:125)
	at org.apache.catalina.core.ApplicationFilterChain.internalDoFilter(ApplicationFilterChain.java:193)
	at org.apache.catalina.core.ApplicationFilterChain.doFilter(ApplicationFilterChain.java:166)
	at com.alibaba.druid.support.http.WebStatFilter.doFilter(WebStatFilter.java:123)
	at org.apache.catalina.core.ApplicationFilterChain.internalDoFilter(ApplicationFilterChain.java:193)
	at org.apache.catalina.core.ApplicationFilterChain.doFilter(ApplicationFilterChain.java:166)
	at org.springframework.boot.actuate.web.trace.servlet.HttpTraceFilter.doFilterInternal(HttpTraceFilter.java:88)
	at org.springframework.web.filter.OncePerRequestFilter.doFilter(OncePerRequestFilter.java:118)
	at org.apache.catalina.core.ApplicationFilterChain.internalDoFilter(ApplicationFilterChain.java:193)
	at org.apache.catalina.core.ApplicationFilterChain.doFilter(ApplicationFilterChain.java:166)
	at org.springframework.web.filter.RequestContextFilter.doFilterInternal(RequestContextFilter.java:99)
	at org.springframework.web.filter.OncePerRequestFilter.doFilter(OncePerRequestFilter.java:118)
	at org.apache.catalina.core.ApplicationFilterChain.internalDoFilter(ApplicationFilterChain.java:193)
	at org.apache.catalina.core.ApplicationFilterChain.doFilter(ApplicationFilterChain.java:166)
	at org.springframework.web.filter.FormContentFilter.doFilterInternal(FormContentFilter.java:92)
	at org.springframework.web.filter.OncePerRequestFilter.doFilter(OncePerRequestFilter.java:118)
	at org.apache.catalina.core.ApplicationFilterChain.internalDoFilter(ApplicationFilterChain.java:193)
	at org.apache.catalina.core.ApplicationFilterChain.doFilter(ApplicationFilterChain.java:166)
	at org.springframework.web.filter.HiddenHttpMethodFilter.doFilterInternal(HiddenHttpMethodFilter.java:93)
	at org.springframework.web.filter.OncePerRequestFilter.doFilter(OncePerRequestFilter.java:118)
	at org.apache.catalina.core.ApplicationFilterChain.internalDoFilter(ApplicationFilterChain.java:193)
	at org.apache.catalina.core.ApplicationFilterChain.doFilter(ApplicationFilterChain.java:166)
	at org.springframework.boot.actuate.metrics.web.servlet.WebMvcMetricsFilter.filterAndRecordMetrics(WebMvcMetricsFilter.java:114)
	at org.springframework.boot.actuate.metrics.web.servlet.WebMvcMetricsFilter.doFilterInternal(WebMvcMetricsFilter.java:104)
	at org.springframework.web.filter.OncePerRequestFilter.doFilter(OncePerRequestFilter.java:118)
	at org.apache.catalina.core.ApplicationFilterChain.internalDoFilter(ApplicationFilterChain.java:193)
	at org.apache.catalina.core.ApplicationFilterChain.doFilter(ApplicationFilterChain.java:166)
	at org.springframework.web.filter.CharacterEncodingFilter.doFilterInternal(CharacterEncodingFilter.java:200)
	at org.springframework.web.filter.OncePerRequestFilter.doFilter(OncePerRequestFilter.java:118)
	at org.apache.catalina.core.ApplicationFilterChain.internalDoFilter(ApplicationFilterChain.java:193)
	at org.apache.catalina.core.ApplicationFilterChain.doFilter(ApplicationFilterChain.java:166)
	at org.apache.catalina.core.StandardWrapperValve.invoke(StandardWrapperValve.java:202)
	at org.apache.catalina.core.StandardContextValve.invoke(StandardContextValve.java:96)
	at org.apache.catalina.authenticator.AuthenticatorBase.invoke(AuthenticatorBase.java:490)
	at org.apache.catalina.core.StandardHostValve.invoke(StandardHostValve.java:139)
	at org.apache.catalina.valves.ErrorReportValve.invoke(ErrorReportValve.java:92)
	at org.apache.catalina.core.StandardEngineValve.invoke(StandardEngineValve.java:74)
	at org.apache.catalina.connector.CoyoteAdapter.service(CoyoteAdapter.java:343)
	at org.apache.coyote.http11.Http11Processor.service(Http11Processor.java:408)
	at org.apache.coyote.AbstractProcessorLight.process(AbstractProcessorLight.java:66)
	at org.apache.coyote.AbstractProtocol$ConnectionHandler.process(AbstractProtocol.java:853)
	at org.apache.tomcat.util.net.NioEndpoint$SocketProcessor.doRun(NioEndpoint.java:1587)
	at org.apache.tomcat.util.net.SocketProcessorBase.run(SocketProcessorBase.java:49)
	at java.util.concurrent.ThreadPoolExecutor.runWorker(ThreadPoolExecutor.java:1149)
	at java.util.concurrent.ThreadPoolExecutor$Worker.run(ThreadPoolExecutor.java:624)
	at org.apache.tomcat.util.threads.TaskThread$WrappingRunnable.run(TaskThread.java:61)
	at java.lang.Thread.run(Thread.java:748)
Caused by: org.attoparser.ParseException: (Line = 37, Column = 285) Malformed markup: Attribute "{\"formType\":\"select\",\"options\":[{\"optText\":\"启用\",\"optValue\":0},{\"optText\":\"禁用\",\"optValue\":1}]}"" appears more than once in element
	at org.attoparser.MarkupEventProcessorHandler.handleAttribute(MarkupEventProcessorHandler.java:549)
	at org.attoparser.ParsingAttributeSequenceUtil.parseAttributeSequence(ParsingAttributeSequenceUtil.java:220)
	at org.attoparser.ParsingElementMarkupUtil.parseOpenElement(ParsingElementMarkupUtil.java:153)
	at org.attoparser.MarkupParser.parseBuffer(MarkupParser.java:710)
	at org.attoparser.MarkupParser.parseDocument(MarkupParser.java:301)
	at org.attoparser.MarkupParser.parse(MarkupParser.java:257)
	at org.thymeleaf.templateparser.markup.AbstractMarkupTemplateParser.parse(AbstractMarkupTemplateParser.java:230)
	... 78 common frames omitted
2019-10-14 22:55:13.686 [http-nio-8560-exec-9] ERROR o.a.c.c.C.[.[localhost].[/].[dispatcherServlet] - Servlet.service() for servlet [dispatcherServlet] in context with path [] threw exception [Request processing failed; nested exception is org.thymeleaf.exceptions.TemplateInputException: An error happened during template parsing (template: "class path resource [templates/user/user_update.html]" - line 37, col 285)] with root cause
org.attoparser.ParseException: (Line = 37, Column = 285) Malformed markup: Attribute "{\"formType\":\"select\",\"options\":[{\"optText\":\"启用\",\"optValue\":0},{\"optText\":\"禁用\",\"optValue\":1}]}"" appears more than once in element
	at org.attoparser.MarkupEventProcessorHandler.handleAttribute(MarkupEventProcessorHandler.java:549)
	at org.attoparser.ParsingAttributeSequenceUtil.parseAttributeSequence(ParsingAttributeSequenceUtil.java:220)
	at org.attoparser.ParsingElementMarkupUtil.parseOpenElement(ParsingElementMarkupUtil.java:153)
	at org.attoparser.MarkupParser.parseBuffer(MarkupParser.java:710)
	at org.attoparser.MarkupParser.parseDocument(MarkupParser.java:301)
	at org.attoparser.MarkupParser.parse(MarkupParser.java:257)
	at org.thymeleaf.templateparser.markup.AbstractMarkupTemplateParser.parse(AbstractMarkupTemplateParser.java:230)
	at org.thymeleaf.templateparser.markup.AbstractMarkupTemplateParser.parseStandalone(AbstractMarkupTemplateParser.java:100)
	at org.thymeleaf.engine.TemplateManager.parseAndProcess(TemplateManager.java:666)
	at org.thymeleaf.TemplateEngine.process(TemplateEngine.java:1098)
	at org.thymeleaf.TemplateEngine.process(TemplateEngine.java:1072)
	at org.thymeleaf.spring5.view.ThymeleafView.renderFragment(ThymeleafView.java:362)
	at org.thymeleaf.spring5.view.ThymeleafView.render(ThymeleafView.java:189)
	at org.springframework.web.servlet.DispatcherServlet.render(DispatcherServlet.java:1371)
	at org.springframework.web.servlet.DispatcherServlet.processDispatchResult(DispatcherServlet.java:1117)
	at org.springframework.web.servlet.DispatcherServlet.doDispatch(DispatcherServlet.java:1056)
	at org.springframework.web.servlet.DispatcherServlet.doService(DispatcherServlet.java:942)
	at org.springframework.web.servlet.FrameworkServlet.processRequest(FrameworkServlet.java:1005)
	at org.springframework.web.servlet.FrameworkServlet.doGet(FrameworkServlet.java:897)
	at javax.servlet.http.HttpServlet.service(HttpServlet.java:634)
	at org.springframework.web.servlet.FrameworkServlet.service(FrameworkServlet.java:882)
	at javax.servlet.http.HttpServlet.service(HttpServlet.java:741)
	at org.apache.catalina.core.ApplicationFilterChain.internalDoFilter(ApplicationFilterChain.java:231)
	at org.apache.catalina.core.ApplicationFilterChain.doFilter(ApplicationFilterChain.java:166)
	at org.apache.tomcat.websocket.server.WsFilter.doFilter(WsFilter.java:53)
	at org.apache.catalina.core.ApplicationFilterChain.internalDoFilter(ApplicationFilterChain.java:193)
	at org.apache.catalina.core.ApplicationFilterChain.doFilter(ApplicationFilterChain.java:166)
	at org.apache.shiro.web.servlet.ProxiedFilterChain.doFilter(ProxiedFilterChain.java:61)
	at org.apache.shiro.web.servlet.AdviceFilter.executeChain(AdviceFilter.java:108)
	at org.apache.shiro.web.servlet.AdviceFilter.doFilterInternal(AdviceFilter.java:137)
	at org.apache.shiro.web.servlet.OncePerRequestFilter.doFilter(OncePerRequestFilter.java:125)
	at org.apache.shiro.web.servlet.ProxiedFilterChain.doFilter(ProxiedFilterChain.java:66)
	at org.apache.shiro.web.servlet.AbstractShiroFilter.executeChain(AbstractShiroFilter.java:449)
	at org.apache.shiro.web.servlet.AbstractShiroFilter$1.call(AbstractShiroFilter.java:365)
	at org.apache.shiro.subject.support.SubjectCallable.doCall(SubjectCallable.java:90)
	at org.apache.shiro.subject.support.SubjectCallable.call(SubjectCallable.java:83)
	at org.apache.shiro.subject.support.DelegatingSubject.execute(DelegatingSubject.java:387)
	at org.apache.shiro.web.servlet.AbstractShiroFilter.doFilterInternal(AbstractShiroFilter.java:362)
	at org.apache.shiro.web.servlet.OncePerRequestFilter.doFilter(OncePerRequestFilter.java:125)
	at org.apache.catalina.core.ApplicationFilterChain.internalDoFilter(ApplicationFilterChain.java:193)
	at org.apache.catalina.core.ApplicationFilterChain.doFilter(ApplicationFilterChain.java:166)
	at com.alibaba.druid.support.http.WebStatFilter.doFilter(WebStatFilter.java:123)
	at org.apache.catalina.core.ApplicationFilterChain.internalDoFilter(ApplicationFilterChain.java:193)
	at org.apache.catalina.core.ApplicationFilterChain.doFilter(ApplicationFilterChain.java:166)
	at org.springframework.boot.actuate.web.trace.servlet.HttpTraceFilter.doFilterInternal(HttpTraceFilter.java:88)
	at org.springframework.web.filter.OncePerRequestFilter.doFilter(OncePerRequestFilter.java:118)
	at org.apache.catalina.core.ApplicationFilterChain.internalDoFilter(ApplicationFilterChain.java:193)
	at org.apache.catalina.core.ApplicationFilterChain.doFilter(ApplicationFilterChain.java:166)
	at org.springframework.web.filter.RequestContextFilter.doFilterInternal(RequestContextFilter.java:99)
	at org.springframework.web.filter.OncePerRequestFilter.doFilter(OncePerRequestFilter.java:118)
	at org.apache.catalina.core.ApplicationFilterChain.internalDoFilter(ApplicationFilterChain.java:193)
	at org.apache.catalina.core.ApplicationFilterChain.doFilter(ApplicationFilterChain.java:166)
	at org.springframework.web.filter.FormContentFilter.doFilterInternal(FormContentFilter.java:92)
	at org.springframework.web.filter.OncePerRequestFilter.doFilter(OncePerRequestFilter.java:118)
	at org.apache.catalina.core.ApplicationFilterChain.internalDoFilter(ApplicationFilterChain.java:193)
	at org.apache.catalina.core.ApplicationFilterChain.doFilter(ApplicationFilterChain.java:166)
	at org.springframework.web.filter.HiddenHttpMethodFilter.doFilterInternal(HiddenHttpMethodFilter.java:93)
	at org.springframework.web.filter.OncePerRequestFilter.doFilter(OncePerRequestFilter.java:118)
	at org.apache.catalina.core.ApplicationFilterChain.internalDoFilter(ApplicationFilterChain.java:193)
	at org.apache.catalina.core.ApplicationFilterChain.doFilter(ApplicationFilterChain.java:166)
	at org.springframework.boot.actuate.metrics.web.servlet.WebMvcMetricsFilter.filterAndRecordMetrics(WebMvcMetricsFilter.java:114)
	at org.springframework.boot.actuate.metrics.web.servlet.WebMvcMetricsFilter.doFilterInternal(WebMvcMetricsFilter.java:104)
	at org.springframework.web.filter.OncePerRequestFilter.doFilter(OncePerRequestFilter.java:118)
	at org.apache.catalina.core.ApplicationFilterChain.internalDoFilter(ApplicationFilterChain.java:193)
	at org.apache.catalina.core.ApplicationFilterChain.doFilter(ApplicationFilterChain.java:166)
	at org.springframework.web.filter.CharacterEncodingFilter.doFilterInternal(CharacterEncodingFilter.java:200)
	at org.springframework.web.filter.OncePerRequestFilter.doFilter(OncePerRequestFilter.java:118)
	at org.apache.catalina.core.ApplicationFilterChain.internalDoFilter(ApplicationFilterChain.java:193)
	at org.apache.catalina.core.ApplicationFilterChain.doFilter(ApplicationFilterChain.java:166)
	at org.apache.catalina.core.StandardWrapperValve.invoke(StandardWrapperValve.java:202)
	at org.apache.catalina.core.StandardContextValve.invoke(StandardContextValve.java:96)
	at org.apache.catalina.authenticator.AuthenticatorBase.invoke(AuthenticatorBase.java:490)
	at org.apache.catalina.core.StandardHostValve.invoke(StandardHostValve.java:139)
	at org.apache.catalina.valves.ErrorReportValve.invoke(ErrorReportValve.java:92)
	at org.apache.catalina.core.StandardEngineValve.invoke(StandardEngineValve.java:74)
	at org.apache.catalina.connector.CoyoteAdapter.service(CoyoteAdapter.java:343)
	at org.apache.coyote.http11.Http11Processor.service(Http11Processor.java:408)
	at org.apache.coyote.AbstractProcessorLight.process(AbstractProcessorLight.java:66)
	at org.apache.coyote.AbstractProtocol$ConnectionHandler.process(AbstractProtocol.java:853)
	at org.apache.tomcat.util.net.NioEndpoint$SocketProcessor.doRun(NioEndpoint.java:1587)
	at org.apache.tomcat.util.net.SocketProcessorBase.run(SocketProcessorBase.java:49)
	at java.util.concurrent.ThreadPoolExecutor.runWorker(ThreadPoolExecutor.java:1149)
	at java.util.concurrent.ThreadPoolExecutor$Worker.run(ThreadPoolExecutor.java:624)
	at org.apache.tomcat.util.threads.TaskThread$WrappingRunnable.run(TaskThread.java:61)
	at java.lang.Thread.run(Thread.java:748)
